[debug] [2023-03-12T13:36:46.069Z] ----------------------------------------------------------------------
[debug] [2023-03-12T13:36:46.071Z] Command:       C:\Program Files\nodejs\node.exe C:\Users\estyu\AppData\Roaming\npm\node_modules\firebase-tools\lib\bin\firebase.js init
[debug] [2023-03-12T13:36:46.071Z] CLI Version:   11.24.1
[debug] [2023-03-12T13:36:46.072Z] Platform:      win32
[debug] [2023-03-12T13:36:46.072Z] Node Version:  v16.18.1
[debug] [2023-03-12T13:36:46.072Z] Time:          Sun Mar 12 2023 19:06:46 GMT+0530 (India Standard Time)
[debug] [2023-03-12T13:36:46.073Z] ----------------------------------------------------------------------
[debug] 
[debug] [2023-03-12T13:36:46.079Z] > command requires scopes: ["email","openid","https://www.googleapis.com/auth/cloudplatformprojects.readonly","https://www.googleapis.com/auth/firebase","https://www.googleapis.com/auth/cloud-platform"]
[debug] [2023-03-12T13:36:46.079Z] > authorizing via signed-in user (estyujjtwal512@gmail.com)
[info] 
     ######## #### ########  ######## ########     ###     ######  ########
     ##        ##  ##     ## ##       ##     ##  ##   ##  ##       ##
     ######    ##  ########  ######   ########  #########  ######  ######
     ##        ##  ##    ##  ##       ##     ## ##     ##       ## ##
     ##       #### ##     ## ######## ########  ##     ##  ######  ########

You're about to initialize a Firebase project in this directory:

  C:\code\personal_projects\netflix_clone

Before we get started, keep in mind:

  * You are currently outside your home directory

[info] 
=== Project Setup
[info] 
[info] First, let's associate this project directory with a Firebase project.
[info] You can create multiple project aliases by running firebase use --add, 
[info] but for now we'll just set up a default project.
[info] 
[debug] [2023-03-12T13:37:06.812Z] >>> [apiv2][query] GET https://firebase.googleapis.com/v1beta1/projects pageSize=100
[debug] [2023-03-12T13:37:07.597Z] <<< [apiv2][status] GET https://firebase.googleapis.com/v1beta1/projects 200
[debug] [2023-03-12T13:37:07.597Z] <<< [apiv2][body] GET https://firebase.googleapis.com/v1beta1/projects [omitted]
[info] i  Using project netflix-clone-d2f6b (netflix-clone) 
[info] 
=== Hosting Setup
[info] 
[info] Your public directory is the folder (relative to your project directory) that
[info] will contain Hosting assets to be uploaded with firebase deploy. If you
[info] have a build process for your assets, use your build's output directory.
[info] 
